Exception on /query [GET]
multiprocessing.pool.RemoteTraceback: 
"""
Traceback (most recent call last):
  File "/usr/lib/python3.6/multiprocessing/pool.py", line 119, in worker
    result = (True, func(*args, **kwds))
  File "/usr/local/lib/python3.6/dist-packages/farm/infer.py", line 572, in _create_datasets_chunkwise
    dataset, tensor_names, baskets = processor.dataset_from_dicts(dicts, indices, return_baskets=True)
  File "/usr/local/lib/python3.6/dist-packages/farm/data_handler/processor.py", line 1172, in dataset_from_dicts
    self.baskets = self._dicts_to_baskets(dicts, indices)
  File "/usr/local/lib/python3.6/dist-packages/farm/data_handler/processor.py", line 1188, in _dicts_to_baskets
    dicts_tokenized = [_apply_tokenization(d, self.tokenizer) for d in dicts]
  File "/usr/local/lib/python3.6/dist-packages/farm/data_handler/processor.py", line 1188, in <listcomp>
    dicts_tokenized = [_apply_tokenization(d, self.tokenizer) for d in dicts]
  File "/usr/local/lib/python3.6/dist-packages/farm/data_handler/processor.py", line 1712, in _apply_tokenization
    question_tokenized = tokenize_with_metadata(question_text, tokenizer)
  File "/usr/local/lib/python3.6/dist-packages/farm/modeling/tokenization.py", line 307, in tokenize_with_metadata
    text = re.sub(r"\s", " ", text)
  File "/usr/lib/python3.6/re.py", line 191, in sub
    return _compile(pattern, flags).sub(repl, string, count)
TypeError: expected string or bytes-like object
"""

The above exception was the direct cause of the following exception:

Traceback (most recent call last):
  File "/usr/local/lib/python3.6/dist-packages/flask/app.py", line 2447, in wsgi_app
    response = self.full_dispatch_request()
  File "/usr/local/lib/python3.6/dist-packages/flask/app.py", line 1952, in full_dispatch_request
    rv = self.handle_user_exception(e)
  File "/usr/local/lib/python3.6/dist-packages/flask/app.py", line 1821, in handle_user_exception
    reraise(exc_type, exc_value, tb)
  File "/usr/local/lib/python3.6/dist-packages/flask/_compat.py", line 39, in reraise
    raise value
  File "/usr/local/lib/python3.6/dist-packages/flask/app.py", line 1950, in full_dispatch_request
    rv = self.dispatch_request()
  File "/usr/local/lib/python3.6/dist-packages/flask/app.py", line 1936, in dispatch_request
    return self.view_functions[rule.endpoint](**req.view_args)
  File "./server.py", line 71, in query
    prediction = finder.get_answers(question=question, top_k_retriever=20, top_k_reader=1)
  File "/usr/local/lib/python3.6/dist-packages/haystack/finder.py", line 65, in get_answers
    top_k=top_k_reader)  # type: Dict[str, Any]
  File "/usr/local/lib/python3.6/dist-packages/haystack/reader/farm.py", line 330, in predict
    objects=inputs, return_json=False, multiprocessing_chunksize=1
  File "/usr/local/lib/python3.6/dist-packages/farm/infer.py", line 717, in inference_from_objects
    multiprocessing_chunksize=multiprocessing_chunksize, streaming=streaming)
  File "/usr/local/lib/python3.6/dist-packages/farm/infer.py", line 700, in inference_from_dicts
    multiprocessing_chunksize=multiprocessing_chunksize, streaming=streaming)
  File "/usr/local/lib/python3.6/dist-packages/farm/infer.py", line 477, in inference_from_dicts
    return list(predictions)
  File "/usr/local/lib/python3.6/dist-packages/farm/infer.py", line 548, in _inference_with_multiprocessing
    for dataset, tensor_names, baskets in results:
  File "/usr/lib/python3.6/multiprocessing/pool.py", line 735, in next
    raise value
TypeError: expected string or bytes-like object
question: Who is Margerita Pagani ?
result: [{'context': "argherita. 1995. L' emittente locale come impresa economica.Economia & Management, 95 (5): 112-123 P. ( https://learninghub.em-lyon.com/EXPLOITATION/doc/SYRACUSE/95657 )\n\n* \n\nBOOKS (7)\n---------\n\n‑ Pagani, Margherita. 2008. Encyclopedia of Multimedia Technology and Networking. 2nd ed..: Information Science Reference 1756 P. ( https://learninghub.em-lyon.com/EXPLOITATION/doc/SYRACUSE/95413 )\n\n‑ Pagani, Margherita. 2006. Wireless technologies in a 3G-4G mobile environment: exploring new business p", 'answer': 'Encyclopedia of Multimedia Technology and Networking'}]
question: Who is Margerita Pagani ?
result: [{'answer': 'Encyclopedia of Multimedia Technology and Networking', 'context': "argherita. 1995. L' emittente locale come impresa economica.Economia & Management, 95 (5): 112-123 P. ( https://learninghub.em-lyon.com/EXPLOITATION/doc/SYRACUSE/95657 )\n\n* \n\nBOOKS (7)\n---------\n\n‑ Pagani, Margherita. 2008. Encyclopedia of Multimedia Technology and Networking. 2nd ed..: Information Science Reference 1756 P. ( https://learninghub.em-lyon.com/EXPLOITATION/doc/SYRACUSE/95413 )\n\n‑ Pagani, Margherita. 2006. Wireless technologies in a 3G-4G mobile environment: exploring new business p"}, {'answer': 'Margherita', 'context': "aîne de valeur pour le sans-fil de troisième génération: attractivité du marché et changements d'advantages concurrentiels.Revue française du marketing, 222: 5-20 P. ( https://learninghub.em-lyon.com/EXPLOITATION/doc/SYRACUSE/95342 )\n\n‑ Pagani, Margherita. 2009. Roadmapping 3G mobile TV: Strategic thinking and scenario planning through repeated cross-impact handling.Technological Forecasting and Social Change, 76 (3): 382-395 P. ( https://learninghub.em-lyon.com/EXPLOITATION/doc/SYRACUSE/95344 )"}, {'answer': 'Margherita', 'context': 'ta Services in the business market: Evidence for a combined technology acceptance model with task technology fit model.Information and Management, 43 (7): 847-860 P. ( https://learninghub.em-lyon.com/EXPLOITATION/doc/SYRACUSE/95347 )\n\n‑ Pagani, Margherita. 2004. Determinants of adoption of third generation mobile multimedia services.Journal of Interactive Marketing, 18 (3): 46-59 P. ( https://learninghub.em-lyon.com/EXPLOITATION/doc/SYRACUSE/95348 )\n\n‑ Pagani, Margherita. 2000. Interactive telev'}, {'answer': 'Margherita', 'context': "10. Alinghi and the America's cup: from glory to crisis: how an entrepreneurial outsider can change the rules of the game.: ECCH; ECCH810-017-1: , 20 P. ( https://learninghub.em-lyon.com/EXPLOITATION/doc/SYRACUSE/83920 )\n\n* \n\n(3)\n---\n\n‑ Pagani, Margherita. 2015. The Role of consumer experiential engagement in new media based social networks environments: implications for marketing strategies. Thèse en Sciences de gestion soutenue le 12 janvier 2015, Université Lyon 3 Jean Moulin. ( https://learn"}, {'answer': 'ALEMANNO-PARRINI', 'context': "\n‑ Grasset, Yves, Debout, Michel, , Bachelard, Olivier, , Rouat, Sabrina. 2011. Risques psychosociaux au travail: vraies questions, bonnes réponses. Paris: Liaisons 285 p. ( https://learninghub.em-lyon.com/EXPLOITATION/doc/SYRACUSE/5006 )\n\n‑ ALEMANNO-PARRINI, Sylvie, Bachelard, Olivier, , BOURRET, Christian. 2011. Des Méthodes Au Coeur Des Sciences De L'information Et De La Communication.: Ovadia 383 P. ( https://learninghub.em-lyon.com/EXPLOITATION/doc/SYRACUSE/99914 )\n\n* \n\nBOOK CHAPTERS (10)\n-"}]
